This file contains any messages produced by compilers while
running configure, to aid debugging if configure makes a mistake.

It was created by configure, which was
generated by GNU Autoconf 2.69.  Invocation command line was

  $ ./configure CFLAGS=-g -pg -O2 LDFLAGS=-pg

## --------- ##
## Platform. ##
## --------- ##

hostname = nuh-Dell-G15-5511
uname -m = x86_64
uname -r = 5.15.0-126-generic
uname -s = Linux
uname -v = #136~20.04.1-Ubuntu SMP Thu Nov 14 16:38:05 UTC 2024

/usr/bin/uname -p = x86_64
/bin/uname -X     = unknown

/bin/arch              = x86_64
/usr/bin/arch -k       = unknown
/usr/convex/getsysinfo = unknown
/usr/bin/hostinfo      = unknown
/bin/machine           = unknown
/usr/bin/oslevel       = unknown
/bin/universe          = unknown

PATH: /usr/local/cuda/bin
PATH: /usr/local/cuda-12.3/bin
PATH: /home/nuh/.nvm/versions/node/v22.12.0/bin
PATH: /home/nuh/anaconda3/bin
PATH: /home/nuh/anaconda3/condabin
PATH: /home/nuh/.local/share/solana/install/active_release/bin
PATH: /home/nuh/.cargo/bin
PATH: /home/nuh/.local/bin
PATH: /home/nuh/bin
PATH: /usr/local/sbin
PATH: /usr/local/bin
PATH: /usr/sbin
PATH: /usr/bin
PATH: /sbin
PATH: /bin
PATH: /usr/games
PATH: /usr/local/games
PATH: /snap/bin
PATH: /usr/local/go/bin
PATH: /usr/local/go/bin
PATH: /home/nuh/Downloads/firebase-tools-linux
PATH: /home/nuh/.pub-cache/bin


## ----------- ##
## Core tests. ##
## ----------- ##

configure:2554: checking for a BSD-compatible install
configure:2622: result: /usr/bin/install -c
configure:2633: checking whether build environment is sane
configure:2683: result: yes
configure:2824: checking for a thread-safe mkdir -p
configure:2863: result: /usr/bin/mkdir -p
configure:2876: checking for gawk
configure:2906: result: no
configure:2876: checking for mawk
configure:2892: found /usr/bin/mawk
configure:2903: result: mawk
configure:2914: checking whether make sets $(MAKE)
configure:2936: result: yes
configure:3049: checking whether to enable maintainer-specific portions of Makefiles
configure:3058: result: no
configure:3116: checking for mpicc
configure:3132: found /usr/bin/mpicc
configure:3144: result: yes
configure:3216: checking for gcc
configure:3243: result: mpicc
configure:3472: checking for C compiler version
configure:3481: mpicc --version >&5
gcc (Ubuntu 11.4.0-2ubuntu1~20.04) 11.4.0
Copyright (C) 2021 Free Software Foundation, Inc.
This is free software; see the source for copying conditions.  There is NO
warranty; not even for MERCHANTABILITY or FITNESS FOR A PARTICULAR PURPOSE.

configure:3492: $? = 0
configure:3481: mpicc -v >&5
Using built-in specs.
COLLECT_GCC=/usr/bin/gcc
COLLECT_LTO_WRAPPER=/usr/lib/gcc/x86_64-linux-gnu/11/lto-wrapper
OFFLOAD_TARGET_NAMES=nvptx-none:amdgcn-amdhsa
OFFLOAD_TARGET_DEFAULT=1
Target: x86_64-linux-gnu
Configured with: ../src/configure -v --with-pkgversion='Ubuntu 11.4.0-2ubuntu1~20.04' --with-bugurl=file:///usr/share/doc/gcc-11/README.Bugs --enable-languages=c,ada,c++,go,brig,d,fortran,objc,obj-c++,m2 --prefix=/usr --with-gcc-major-version-only --program-suffix=-11 --program-prefix=x86_64-linux-gnu- --enable-shared --enable-linker-build-id --libexecdir=/usr/lib --without-included-gettext --enable-threads=posix --libdir=/usr/lib --enable-nls --enable-bootstrap --enable-clocale=gnu --enable-libstdcxx-debug --enable-libstdcxx-time=yes --with-default-libstdcxx-abi=new --enable-gnu-unique-object --disable-vtable-verify --enable-plugin --enable-default-pie --with-system-zlib --enable-libphobos-checking=release --with-target-system-zlib=auto --enable-objc-gc=auto --enable-multiarch --disable-werror --enable-cet --with-arch-32=i686 --with-abi=m64 --with-multilib-list=m32,m64,mx32 --enable-multilib --with-tune=generic --enable-offload-targets=nvptx-none=/build/gcc-11-PfdVzN/gcc-11-11.4.0/debian/tmp-nvptx/usr,amdgcn-amdhsa=/build/gcc-11-PfdVzN/gcc-11-11.4.0/debian/tmp-gcn/usr --without-cuda-driver --enable-checking=release --build=x86_64-linux-gnu --host=x86_64-linux-gnu --target=x86_64-linux-gnu --with-build-config=bootstrap-lto-lean --enable-link-serialization=2
Thread model: posix
Supported LTO compression algorithms: zlib zstd
gcc version 11.4.0 (Ubuntu 11.4.0-2ubuntu1~20.04) 
... rest of stderr output deleted ...
configure:3492: $? = 0
configure:3481: mpicc -V >&5
gcc: error: unrecognized command-line option '-V'
gcc: fatal error: no input files
compilation terminated.
configure:3492: $? = 1
configure:3481: mpicc -qversion >&5
gcc: error: unrecognized command-line option '-qversion'; did you mean '--version'?
gcc: fatal error: no input files
compilation terminated.
configure:3492: $? = 1
configure:3512: checking whether the C compiler works
configure:3534: mpicc -g -pg -O2  -pg conftest.c  >&5
configure:3538: $? = 0
configure:3586: result: yes
configure:3589: checking for C compiler default output file name
configure:3591: result: a.out
configure:3597: checking for suffix of executables
configure:3604: mpicc -o conftest -g -pg -O2  -pg conftest.c  >&5
configure:3608: $? = 0
configure:3630: result: 
configure:3652: checking whether we are cross compiling
configure:3660: mpicc -o conftest -g -pg -O2  -pg conftest.c  >&5
configure:3664: $? = 0
configure:3671: ./conftest
configure:3675: $? = 0
configure:3663: result: no
configure:3668: checking for suffix of object files
configure:3690: mpicc -c -g -pg -O2  conftest.c >&5
configure:3694: $? = 0
configure:3715: result: o
configure:3719: checking whether we are using the GNU C compiler
configure:3738: mpicc -c -g -pg -O2  conftest.c >&5
configure:3738: $? = 0
configure:3747: result: yes
configure:3756: checking whether mpicc accepts -g
configure:3776: mpicc -c -g  conftest.c >&5
configure:3776: $? = 0
configure:3817: result: yes
configure:3834: checking for mpicc option to accept ISO C89
configure:3897: mpicc  -c -g -pg -O2  conftest.c >&5
configure:3897: $? = 0
configure:3910: result: none needed
configure:3941: checking for style of include used by make
configure:3969: result: GNU
configure:3995: checking dependency style of mpicc
configure:4106: result: gcc3
configure:4132: checking build system type
configure:4146: result: x86_64-unknown-linux-gnu
configure:4166: checking host system type
configure:4179: result: x86_64-unknown-linux-gnu
configure:4548: checking how to print strings
configure:4575: result: printf
configure:4596: checking for a sed that does not truncate output
configure:4660: result: /usr/bin/sed
configure:4678: checking for grep that handles long lines and -e
configure:4736: result: /usr/bin/grep
configure:4741: checking for egrep
configure:4803: result: /usr/bin/grep -E
configure:4808: checking for fgrep
configure:4870: result: /usr/bin/grep -F
configure:4905: checking for ld used by mpicc
configure:4972: result: /usr/bin/ld
configure:4979: checking if the linker (/usr/bin/ld) is GNU ld
configure:4994: result: yes
configure:5006: checking for BSD- or MS-compatible name lister (nm)
configure:5055: result: /usr/bin/nm -B
configure:5185: checking the name lister (/usr/bin/nm -B) interface
configure:5192: mpicc -c -g -pg -O2 -D_XOPEN_SOURCE=700 -D_BSD_SOURCE -D_GNU_SOURCE -Wall -Werror-implicit-function-declaration -Wmissing-prototypes -Wmissing-declarations -pipe -std=c99  conftest.c >&5
configure:5195: /usr/bin/nm -B "conftest.o"
configure:5198: output
0000000000000000 B some_variable
configure:5199: result: BSD nm
configure:5202: checking whether ln -s works
configure:5206: result: yes
configure:5214: checking the maximum length of command line arguments
configure:5344: result: 1572864
configure:5361: checking whether the shell understands some XSI constructs
configure:5370: result: yes
configure:5374: checking whether the shell understands "+="
configure:5378: result: yes
configure:5413: checking how to convert x86_64-unknown-linux-gnu file names to x86_64-unknown-linux-gnu format
configure:5453: result: func_convert_file_noop
configure:5460: checking how to convert x86_64-unknown-linux-gnu file names to toolchain format
configure:5480: result: func_convert_file_noop
configure:5487: checking for /usr/bin/ld option to reload object files
configure:5494: result: -r
configure:5568: checking for objdump
configure:5595: result: objdump
configure:5624: checking how to recognize dependent libraries
configure:5822: result: pass_all
configure:5907: checking for dlltool
configure:5934: result: dlltool
configure:5964: checking how to associate runtime and link libraries
configure:5991: result: printf %s\n
configure:6052: checking for ar
configure:6068: found /usr/bin/ar
configure:6079: result: ar
configure:6116: checking for archiver @FILE support
configure:6133: mpicc -c -g -pg -O2 -D_XOPEN_SOURCE=700 -D_BSD_SOURCE -D_GNU_SOURCE -Wall -Werror-implicit-function-declaration -Wmissing-prototypes -Wmissing-declarations -pipe -std=c99  conftest.c >&5
configure:6133: $? = 0
configure:6136: ar cru libconftest.a @conftest.lst >&5
ar: `u' modifier ignored since `D' is the default (see `U')
configure:6139: $? = 0
configure:6144: ar cru libconftest.a @conftest.lst >&5
ar: `u' modifier ignored since `D' is the default (see `U')
ar: conftest.o: No such file or directory
configure:6147: $? = 1
configure:6146: result: @
configure:6204: checking for strip
configure:6220: found /usr/bin/strip
configure:6231: result: strip
configure:6303: checking for ranlib
configure:6319: found /usr/bin/ranlib
configure:6330: result: ranlib
configure:6432: checking command to parse /usr/bin/nm -B output from mpicc object
configure:6552: mpicc -c -g -pg -O2 -D_XOPEN_SOURCE=700 -D_BSD_SOURCE -D_GNU_SOURCE -Wall -Werror-implicit-function-declaration -Wmissing-prototypes -Wmissing-declarations -pipe -std=c99  conftest.c >&5
configure:6555: $? = 0
configure:6559: /usr/bin/nm -B conftest.o \| sed -n -e 's/^.*[ ]\([ABCDGIRSTW][ABCDGIRSTW]*\)[ ][ ]*\([_A-Za-z][_A-Za-z0-9]*\)$/\1 \2 \2/p' | sed '/ __gnu_lto/d' \> conftest.nm
configure:6562: $? = 0
configure:6628: mpicc -o conftest -g -pg -O2 -D_XOPEN_SOURCE=700 -D_BSD_SOURCE -D_GNU_SOURCE -Wall -Werror-implicit-function-declaration -Wmissing-prototypes -Wmissing-declarations -pipe -std=c99  -pg conftest.c conftstm.o >&5
configure:6631: $? = 0
configure:6669: result: ok
configure:6706: checking for sysroot
configure:6736: result: no
configure:6813: mpicc -c -g -pg -O2 -D_XOPEN_SOURCE=700 -D_BSD_SOURCE -D_GNU_SOURCE -Wall -Werror-implicit-function-declaration -Wmissing-prototypes -Wmissing-declarations -pipe -std=c99  conftest.c >&5
configure:6816: $? = 0
configure:6992: checking for mt
configure:7008: found /usr/bin/mt
configure:7019: result: mt
configure:7042: checking if mt is a manifest tool
configure:7048: mt '-?'
configure:7056: result: no
configure:7698: checking how to run the C preprocessor
configure:7729: mpicc -E  conftest.c
configure:7729: $? = 0
configure:7743: mpicc -E  conftest.c
conftest.c:17:10: fatal error: ac_nonexistent.h: No such file or directory
   17 | #include <ac_nonexistent.h>
      |          ^~~~~~~~~~~~~~~~~~
compilation terminated.
configure:7743: $? = 1
configure: failed program was:
| /* confdefs.h */
| #define PACKAGE_NAME ""
| #define PACKAGE_TARNAME ""
| #define PACKAGE_VERSION ""
| #define PACKAGE_STRING ""
| #define PACKAGE_BUGREPORT ""
| #define PACKAGE_URL ""
| #define GFS_MAJOR_VERSION 1
| #define GFS_MINOR_VERSION 3
| #define GFS_MICRO_VERSION 2
| #define GFS_INTERFACE_AGE 0
| #define GFS_BINARY_AGE 0
| #define GFS_VERSION "1.3.2"
| #define GFS_COMPILATION_FLAGS "-g -pg -O2"
| #define HAVE_MPI 1
| /* end confdefs.h.  */
| #include <ac_nonexistent.h>
configure:7768: result: mpicc -E
configure:7788: mpicc -E  conftest.c
configure:7788: $? = 0
configure:7802: mpicc -E  conftest.c
conftest.c:17:10: fatal error: ac_nonexistent.h: No such file or directory
   17 | #include <ac_nonexistent.h>
      |          ^~~~~~~~~~~~~~~~~~
compilation terminated.
configure:7802: $? = 1
configure: failed program was:
| /* confdefs.h */
| #define PACKAGE_NAME ""
| #define PACKAGE_TARNAME ""
| #define PACKAGE_VERSION ""
| #define PACKAGE_STRING ""
| #define PACKAGE_BUGREPORT ""
| #define PACKAGE_URL ""
| #define GFS_MAJOR_VERSION 1
| #define GFS_MINOR_VERSION 3
| #define GFS_MICRO_VERSION 2
| #define GFS_INTERFACE_AGE 0
| #define GFS_BINARY_AGE 0
| #define GFS_VERSION "1.3.2"
| #define GFS_COMPILATION_FLAGS "-g -pg -O2"
| #define HAVE_MPI 1
| /* end confdefs.h.  */
| #include <ac_nonexistent.h>
configure:7831: checking for ANSI C header files
configure:7851: mpicc -c -g -pg -O2 -D_XOPEN_SOURCE=700 -D_BSD_SOURCE -D_GNU_SOURCE -Wall -Werror-implicit-function-declaration -Wmissing-prototypes -Wmissing-declarations -pipe -std=c99  conftest.c >&5
In file included from /usr/include/x86_64-linux-gnu/bits/libc-header-start.h:33,
                 from /usr/include/stdlib.h:25,
                 from conftest.c:17:
/usr/include/features.h:187:3: warning: #warning "_BSD_SOURCE and _SVID_SOURCE are deprecated, use _DEFAULT_SOURCE" [-Wcpp]
  187 | # warning "_BSD_SOURCE and _SVID_SOURCE are deprecated, use _DEFAULT_SOURCE"
      |   ^~~~~~~
configure:7851: $? = 0
configure:7924: mpicc -o conftest -g -pg -O2 -D_XOPEN_SOURCE=700 -D_BSD_SOURCE -D_GNU_SOURCE -Wall -Werror-implicit-function-declaration -Wmissing-prototypes -Wmissing-declarations -pipe -std=c99  -pg conftest.c  >&5
In file included from /usr/include/ctype.h:25,
                 from conftest.c:17:
/usr/include/features.h:187:3: warning: #warning "_BSD_SOURCE and _SVID_SOURCE are deprecated, use _DEFAULT_SOURCE" [-Wcpp]
  187 | # warning "_BSD_SOURCE and _SVID_SOURCE are deprecated, use _DEFAULT_SOURCE"
      |   ^~~~~~~
configure:7924: $? = 0
configure:7924: ./conftest
configure:7924: $? = 0
configure:7935: result: yes
configure:7948: checking for sys/types.h
configure:7948: mpicc -c -g -pg -O2 -D_XOPEN_SOURCE=700 -D_BSD_SOURCE -D_GNU_SOURCE -Wall -Werror-implicit-function-declaration -Wmissing-prototypes -Wmissing-declarations -pipe -std=c99  conftest.c >&5
In file included from /usr/include/x86_64-linux-gnu/bits/libc-header-start.h:33,
                 from /usr/include/stdio.h:27,
                 from conftest.c:18:
/usr/include/features.h:187:3: warning: #warning "_BSD_SOURCE and _SVID_SOURCE are deprecated, use _DEFAULT_SOURCE" [-Wcpp]
  187 | # warning "_BSD_SOURCE and _SVID_SOURCE are deprecated, use _DEFAULT_SOURCE"
      |   ^~~~~~~
configure:7948: $? = 0
configure:7948: result: yes
configure:7948: checking for sys/stat.h
configure:7948: mpicc -c -g -pg -O2 -D_XOPEN_SOURCE=700 -D_BSD_SOURCE -D_GNU_SOURCE -Wall -Werror-implicit-function-declaration -Wmissing-prototypes -Wmissing-declarations -pipe -std=c99  conftest.c >&5
In file included from /usr/include/x86_64-linux-gnu/bits/libc-header-start.h:33,
                 from /usr/include/stdio.h:27,
                 from conftest.c:19:
/usr/include/features.h:187:3: warning: #warning "_BSD_SOURCE and _SVID_SOURCE are deprecated, use _DEFAULT_SOURCE" [-Wcpp]
  187 | # warning "_BSD_SOURCE and _SVID_SOURCE are deprecated, use _DEFAULT_SOURCE"
      |   ^~~~~~~
configure:7948: $? = 0
configure:7948: result: yes
configure:7948: checking for stdlib.h
configure:7948: mpicc -c -g -pg -O2 -D_XOPEN_SOURCE=700 -D_BSD_SOURCE -D_GNU_SOURCE -Wall -Werror-implicit-function-declaration -Wmissing-prototypes -Wmissing-declarations -pipe -std=c99  conftest.c >&5
In file included from /usr/include/x86_64-linux-gnu/bits/libc-header-start.h:33,
                 from /usr/include/stdio.h:27,
                 from conftest.c:20:
/usr/include/features.h:187:3: warning: #warning "_BSD_SOURCE and _SVID_SOURCE are deprecated, use _DEFAULT_SOURCE" [-Wcpp]
  187 | # warning "_BSD_SOURCE and _SVID_SOURCE are deprecated, use _DEFAULT_SOURCE"
      |   ^~~~~~~
configure:7948: $? = 0
configure:7948: result: yes
configure:7948: checking for string.h
configure:7948: mpicc -c -g -pg -O2 -D_XOPEN_SOURCE=700 -D_BSD_SOURCE -D_GNU_SOURCE -Wall -Werror-implicit-function-declaration -Wmissing-prototypes -Wmissing-declarations -pipe -std=c99  conftest.c >&5
In file included from /usr/include/x86_64-linux-gnu/bits/libc-header-start.h:33,
                 from /usr/include/stdio.h:27,
                 from conftest.c:21:
/usr/include/features.h:187:3: warning: #warning "_BSD_SOURCE and _SVID_SOURCE are deprecated, use _DEFAULT_SOURCE" [-Wcpp]
  187 | # warning "_BSD_SOURCE and _SVID_SOURCE are deprecated, use _DEFAULT_SOURCE"
      |   ^~~~~~~
configure:7948: $? = 0
configure:7948: result: yes
configure:7948: checking for memory.h
configure:7948: mpicc -c -g -pg -O2 -D_XOPEN_SOURCE=700 -D_BSD_SOURCE -D_GNU_SOURCE -Wall -Werror-implicit-function-declaration -Wmissing-prototypes -Wmissing-declarations -pipe -std=c99  conftest.c >&5
In file included from /usr/include/x86_64-linux-gnu/bits/libc-header-start.h:33,
                 from /usr/include/stdio.h:27,
                 from conftest.c:22:
/usr/include/features.h:187:3: warning: #warning "_BSD_SOURCE and _SVID_SOURCE are deprecated, use _DEFAULT_SOURCE" [-Wcpp]
  187 | # warning "_BSD_SOURCE and _SVID_SOURCE are deprecated, use _DEFAULT_SOURCE"
      |   ^~~~~~~
configure:7948: $? = 0
configure:7948: result: yes
configure:7948: checking for strings.h
configure:7948: mpicc -c -g -pg -O2 -D_XOPEN_SOURCE=700 -D_BSD_SOURCE -D_GNU_SOURCE -Wall -Werror-implicit-function-declaration -Wmissing-prototypes -Wmissing-declarations -pipe -std=c99  conftest.c >&5
In file included from /usr/include/x86_64-linux-gnu/bits/libc-header-start.h:33,
                 from /usr/include/stdio.h:27,
                 from conftest.c:23:
/usr/include/features.h:187:3: warning: #warning "_BSD_SOURCE and _SVID_SOURCE are deprecated, use _DEFAULT_SOURCE" [-Wcpp]
  187 | # warning "_BSD_SOURCE and _SVID_SOURCE are deprecated, use _DEFAULT_SOURCE"
      |   ^~~~~~~
configure:7948: $? = 0
configure:7948: result: yes
configure:7948: checking for inttypes.h
configure:7948: mpicc -c -g -pg -O2 -D_XOPEN_SOURCE=700 -D_BSD_SOURCE -D_GNU_SOURCE -Wall -Werror-implicit-function-declaration -Wmissing-prototypes -Wmissing-declarations -pipe -std=c99  conftest.c >&5
In file included from /usr/include/x86_64-linux-gnu/bits/libc-header-start.h:33,
                 from /usr/include/stdio.h:27,
                 from conftest.c:24:
/usr/include/features.h:187:3: warning: #warning "_BSD_SOURCE and _SVID_SOURCE are deprecated, use _DEFAULT_SOURCE" [-Wcpp]
  187 | # warning "_BSD_SOURCE and _SVID_SOURCE are deprecated, use _DEFAULT_SOURCE"
      |   ^~~~~~~
configure:7948: $? = 0
configure:7948: result: yes
configure:7948: checking for stdint.h
configure:7948: mpicc -c -g -pg -O2 -D_XOPEN_SOURCE=700 -D_BSD_SOURCE -D_GNU_SOURCE -Wall -Werror-implicit-function-declaration -Wmissing-prototypes -Wmissing-declarations -pipe -std=c99  conftest.c >&5
In file included from /usr/include/x86_64-linux-gnu/bits/libc-header-start.h:33,
                 from /usr/include/stdio.h:27,
                 from conftest.c:25:
/usr/include/features.h:187:3: warning: #warning "_BSD_SOURCE and _SVID_SOURCE are deprecated, use _DEFAULT_SOURCE" [-Wcpp]
  187 | # warning "_BSD_SOURCE and _SVID_SOURCE are deprecated, use _DEFAULT_SOURCE"
      |   ^~~~~~~
configure:7948: $? = 0
configure:7948: result: yes
configure:7948: checking for unistd.h
configure:7948: mpicc -c -g -pg -O2 -D_XOPEN_SOURCE=700 -D_BSD_SOURCE -D_GNU_SOURCE -Wall -Werror-implicit-function-declaration -Wmissing-prototypes -Wmissing-declarations -pipe -std=c99  conftest.c >&5
In file included from /usr/include/x86_64-linux-gnu/bits/libc-header-start.h:33,
                 from /usr/include/stdio.h:27,
                 from conftest.c:26:
/usr/include/features.h:187:3: warning: #warning "_BSD_SOURCE and _SVID_SOURCE are deprecated, use _DEFAULT_SOURCE" [-Wcpp]
  187 | # warning "_BSD_SOURCE and _SVID_SOURCE are deprecated, use _DEFAULT_SOURCE"
      |   ^~~~~~~
configure:7948: $? = 0
configure:7948: result: yes
configure:7962: checking for dlfcn.h
configure:7962: mpicc -c -g -pg -O2 -D_XOPEN_SOURCE=700 -D_BSD_SOURCE -D_GNU_SOURCE -Wall -Werror-implicit-function-declaration -Wmissing-prototypes -Wmissing-declarations -pipe -std=c99  conftest.c >&5
In file included from /usr/include/x86_64-linux-gnu/bits/libc-header-start.h:33,
                 from /usr/include/stdio.h:27,
                 from conftest.c:27:
/usr/include/features.h:187:3: warning: #warning "_BSD_SOURCE and _SVID_SOURCE are deprecated, use _DEFAULT_SOURCE" [-Wcpp]
  187 | # warning "_BSD_SOURCE and _SVID_SOURCE are deprecated, use _DEFAULT_SOURCE"
      |   ^~~~~~~
configure:7962: $? = 0
configure:7962: result: yes
configure:8166: checking for objdir
configure:8181: result: .libs
configure:8448: checking if mpicc supports -fno-rtti -fno-exceptions
configure:8466: mpicc -c -g -pg -O2 -D_XOPEN_SOURCE=700 -D_BSD_SOURCE -D_GNU_SOURCE -Wall -Werror-implicit-function-declaration -Wmissing-prototypes -Wmissing-declarations -pipe -std=c99  -fno-rtti -fno-exceptions conftest.c >&5
cc1: warning: command-line option '-fno-rtti' is valid for C++/D/ObjC++ but not for C
configure:8470: $? = 0
configure:8483: result: no
configure:8810: checking for mpicc option to produce PIC
configure:8817: result: -fPIC -DPIC
configure:8825: checking if mpicc PIC flag -fPIC -DPIC works
configure:8843: mpicc -c -g -pg -O2 -D_XOPEN_SOURCE=700 -D_BSD_SOURCE -D_GNU_SOURCE -Wall -Werror-implicit-function-declaration -Wmissing-prototypes -Wmissing-declarations -pipe -std=c99  -fPIC -DPIC -DPIC conftest.c >&5
configure:8847: $? = 0
configure:8860: result: yes
configure:8889: checking if mpicc static flag -static works
configure:8917: result: no
configure:8932: checking if mpicc supports -c -o file.o
configure:8953: mpicc -c -g -pg -O2 -D_XOPEN_SOURCE=700 -D_BSD_SOURCE -D_GNU_SOURCE -Wall -Werror-implicit-function-declaration -Wmissing-prototypes -Wmissing-declarations -pipe -std=c99  -o out/conftest2.o conftest.c >&5
configure:8957: $? = 0
configure:8979: result: yes
configure:8987: checking if mpicc supports -c -o file.o
configure:9034: result: yes
configure:9067: checking whether the mpicc linker (/usr/bin/ld -m elf_x86_64) supports shared libraries
configure:10224: result: yes
configure:10261: checking whether -lc should be explicitly linked in
configure:10269: mpicc -c -g -pg -O2 -D_XOPEN_SOURCE=700 -D_BSD_SOURCE -D_GNU_SOURCE -Wall -Werror-implicit-function-declaration -Wmissing-prototypes -Wmissing-declarations -pipe -std=c99  conftest.c >&5
configure:10272: $? = 0
configure:10287: mpicc -shared  -fPIC -DPIC conftest.o  -v -Wl,-soname -Wl,conftest -o conftest 2\>\&1 \| /usr/bin/grep  -lc  \>/dev/null 2\>\&1
configure:10290: $? = 0
configure:10304: result: no
configure:10464: checking dynamic linker characteristics
configure:10964: mpicc -o conftest -g -pg -O2 -D_XOPEN_SOURCE=700 -D_BSD_SOURCE -D_GNU_SOURCE -Wall -Werror-implicit-function-declaration -Wmissing-prototypes -Wmissing-declarations -pipe -std=c99  -pg -Wl,-rpath -Wl,/foo conftest.c  >&5
configure:10964: $? = 0
configure:11198: result: GNU/Linux ld.so
configure:11305: checking how to hardcode library paths into programs
configure:11330: result: immediate
configure:11870: checking whether stripping libraries is possible
configure:11875: result: yes
configure:11910: checking if libtool supports shared libraries
configure:11912: result: yes
configure:11915: checking whether to build shared libraries
configure:11936: result: yes
configure:11939: checking whether to build static libraries
configure:11943: result: yes
configure:8986: checking whether mpicc and cc understand -c and -o together
configure:9017: mpicc -c conftest.c -o conftest2.o >&5
configure:9021: $? = 0
configure:9027: mpicc -c conftest.c -o conftest2.o >&5
configure:9031: $? = 0
configure:9042: cc -c conftest.c >&5
configure:9046: $? = 0
configure:9054: cc -c conftest.c -o conftest2.o >&5
configure:9058: $? = 0
configure:9064: cc -c conftest.c -o conftest2.o >&5
configure:9068: $? = 0
configure:9086: result: yes
configure:9138: checking for gawk
configure:9165: result: mawk
configure:9176: checking for library containing strerror
configure:9207: mpicc -o conftest -g -pg -O2 -D_XOPEN_SOURCE=700 -D_BSD_SOURCE -D_GNU_SOURCE -Wall -Werror-implicit-function-declaration -Wmissing-prototypes -Wmissing-declarations -pipe -std=c99  -pg conftest.c  >&5
configure:9207: $? = 0
configure:9224: result: none required
configure:9232: checking for ANSI C header files
configure:9336: result: yes
configure:9346: checking whether pointers can be stored in doubles
configure:9361: mpicc -o conftest -g -pg -O2 -D_XOPEN_SOURCE=700 -D_BSD_SOURCE -D_GNU_SOURCE -Wall -Werror-implicit-function-declaration -Wmissing-prototypes -Wmissing-declarations -pipe -std=c99  -pg conftest.c  >&5
conftest.c:31:1: warning: return type defaults to 'int' [-Wimplicit-int]
   31 | main () {
      | ^~~~
configure:9361: $? = 0
configure:9361: ./conftest
configure:9361: $? = 0
configure:9370: result: yes
configure:9431: checking for pkg-config
configure:9449: found /usr/bin/pkg-config
configure:9461: result: /usr/bin/pkg-config
configure:9486: checking pkg-config is at least version 0.9.0
configure:9489: result: yes
configure:9499: checking for GTS
configure:9506: $PKG_CONFIG --exists --print-errors "gts >= 0.7.4"
configure:9509: $? = 0
configure:9523: $PKG_CONFIG --exists --print-errors "gts >= 0.7.4"
configure:9526: $? = 0
configure:9584: result: yes
configure:9605: checking whether modules are supported
configure:9627: mpicc -o conftest -pthread -I/usr/include/glib-2.0 -I/usr/lib/x86_64-linux-gnu/glib-2.0/include  -pg conftest.c -lgts -lm -lgthread-2.0 -pthread -Wl,--export-dynamic -lgmodule-2.0 -pthread -lglib-2.0 >&5
conftest.c:34:1: warning: return type defaults to 'int' [-Wimplicit-int]
   34 | main () {
      | ^~~~
configure:9627: $? = 0
configure:9627: ./conftest
configure:9627: $? = 0
configure:9636: result: yes
configure:9678: checking for pkg-config
configure:9694: found /usr/bin/pkg-config
configure:9706: result: yes
configure:9734: checking for m4
configure:9750: found /usr/bin/m4
configure:9762: result: yes
configure:9775: checking check whether m4 accepts the -P option
configure:9783: result: yes
configure:9800: checking for pj_fwd in -lproj
configure:9825: mpicc -o conftest -g -pg -O2 -D_XOPEN_SOURCE=700 -D_BSD_SOURCE -D_GNU_SOURCE -Wall -Werror-implicit-function-declaration -Wmissing-prototypes -Wmissing-declarations -pipe -std=c99  -pg conftest.c -lproj -lm  >&5
configure:9825: $? = 0
configure:9834: result: yes
configure:9845: checking proj_api.h usability
configure:9845: mpicc -c -g -pg -O2 -D_XOPEN_SOURCE=700 -D_BSD_SOURCE -D_GNU_SOURCE -Wall -Werror-implicit-function-declaration -Wmissing-prototypes -Wmissing-declarations -pipe -std=c99  conftest.c >&5
In file included from /usr/include/x86_64-linux-gnu/bits/libc-header-start.h:33,
                 from /usr/include/stdio.h:27,
                 from conftest.c:33:
/usr/include/features.h:187:3: warning: #warning "_BSD_SOURCE and _SVID_SOURCE are deprecated, use _DEFAULT_SOURCE" [-Wcpp]
  187 | # warning "_BSD_SOURCE and _SVID_SOURCE are deprecated, use _DEFAULT_SOURCE"
      |   ^~~~~~~
In file included from conftest.c:66:
/usr/include/proj_api.h:37:2: error: #error 'To use the proj_api.h you must define the macro ACCEPT_USE_OF_DEPRECATED_PROJ_API_H'
   37 | #error 'To use the proj_api.h you must define the macro ACCEPT_USE_OF_DEPRECATED_PROJ_API_H'
      |  ^~~~~
configure:9845: $? = 1
configure: failed program was:
| /* confdefs.h */
| #define PACKAGE_NAME ""
| #define PACKAGE_TARNAME ""
| #define PACKAGE_VERSION ""
| #define PACKAGE_STRING ""
| #define PACKAGE_BUGREPORT ""
| #define PACKAGE_URL ""
| #define GFS_MAJOR_VERSION 1
| #define GFS_MINOR_VERSION 3
| #define GFS_MICRO_VERSION 2
| #define GFS_INTERFACE_AGE 0
| #define GFS_BINARY_AGE 0
| #define GFS_VERSION "1.3.2"
| #define GFS_COMPILATION_FLAGS "-g -pg -O2"
| #define HAVE_MPI 1
| #define STDC_HEADERS 1
| #define HAVE_SYS_TYPES_H 1
| #define HAVE_SYS_STAT_H 1
| #define HAVE_STDLIB_H 1
| #define HAVE_STRING_H 1
| #define HAVE_MEMORY_H 1
| #define HAVE_STRINGS_H 1
| #define HAVE_INTTYPES_H 1
| #define HAVE_STDINT_H 1
| #define HAVE_UNISTD_H 1
| #define HAVE_DLFCN_H 1
| #define LT_OBJDIR ".libs/"
| #define STDC_HEADERS 1
| #define HAVE_PKG_CONFIG 1
| #define HAVE_M4 1
| #define M4_OPTIONS "-P"
| /* end confdefs.h.  */
| #include <stdio.h>
| #ifdef HAVE_SYS_TYPES_H
| # include <sys/types.h>
| #endif
| #ifdef HAVE_SYS_STAT_H
| # include <sys/stat.h>
| #endif
| #ifdef STDC_HEADERS
| # include <stdlib.h>
| # include <stddef.h>
| #else
| # ifdef HAVE_STDLIB_H
| #  include <stdlib.h>
| # endif
| #endif
| #ifdef HAVE_STRING_H
| # if !defined STDC_HEADERS && defined HAVE_MEMORY_H
| #  include <memory.h>
| # endif
| # include <string.h>
| #endif
| #ifdef HAVE_STRINGS_H
| # include <strings.h>
| #endif
| #ifdef HAVE_INTTYPES_H
| # include <inttypes.h>
| #endif
| #ifdef HAVE_STDINT_H
| # include <stdint.h>
| #endif
| #ifdef HAVE_UNISTD_H
| # include <unistd.h>
| #endif
| #include <proj_api.h>
configure:9845: result: no
configure:9845: checking proj_api.h presence
configure:9845: mpicc -E  conftest.c
In file included from conftest.c:33:
/usr/include/proj_api.h:37:2: error: #error 'To use the proj_api.h you must define the macro ACCEPT_USE_OF_DEPRECATED_PROJ_API_H'
   37 | #error 'To use the proj_api.h you must define the macro ACCEPT_USE_OF_DEPRECATED_PROJ_API_H'
      |  ^~~~~
configure:9845: $? = 1
configure: failed program was:
| /* confdefs.h */
| #define PACKAGE_NAME ""
| #define PACKAGE_TARNAME ""
| #define PACKAGE_VERSION ""
| #define PACKAGE_STRING ""
| #define PACKAGE_BUGREPORT ""
| #define PACKAGE_URL ""
| #define GFS_MAJOR_VERSION 1
| #define GFS_MINOR_VERSION 3
| #define GFS_MICRO_VERSION 2
| #define GFS_INTERFACE_AGE 0
| #define GFS_BINARY_AGE 0
| #define GFS_VERSION "1.3.2"
| #define GFS_COMPILATION_FLAGS "-g -pg -O2"
| #define HAVE_MPI 1
| #define STDC_HEADERS 1
| #define HAVE_SYS_TYPES_H 1
| #define HAVE_SYS_STAT_H 1
| #define HAVE_STDLIB_H 1
| #define HAVE_STRING_H 1
| #define HAVE_MEMORY_H 1
| #define HAVE_STRINGS_H 1
| #define HAVE_INTTYPES_H 1
| #define HAVE_STDINT_H 1
| #define HAVE_UNISTD_H 1
| #define HAVE_DLFCN_H 1
| #define LT_OBJDIR ".libs/"
| #define STDC_HEADERS 1
| #define HAVE_PKG_CONFIG 1
| #define HAVE_M4 1
| #define M4_OPTIONS "-P"
| /* end confdefs.h.  */
| #include <proj_api.h>
configure:9845: result: no
configure:9845: checking for proj_api.h
configure:9845: result: no
configure:9903: checking for gsl-config
configure:9921: found /usr/bin/gsl-config
configure:9934: result: /usr/bin/gsl-config
configure:9943: checking for GSL - version >= 0.2.5
configure:10043: mpicc -o conftest -g -pg -O2 -D_XOPEN_SOURCE=700 -D_BSD_SOURCE -D_GNU_SOURCE -Wall -Werror-implicit-function-declaration -Wmissing-prototypes -Wmissing-declarations -pipe -std=c99 -I/usr/include  -pg conftest.c  -L/usr/lib/x86_64-linux-gnu -lgsl -lgslcblas -lm >&5
In file included from /usr/include/x86_64-linux-gnu/bits/libc-header-start.h:33,
                 from /usr/include/stdio.h:27,
                 from conftest.c:34:
/usr/include/features.h:187:3: warning: #warning "_BSD_SOURCE and _SVID_SOURCE are deprecated, use _DEFAULT_SOURCE" [-Wcpp]
  187 | # warning "_BSD_SOURCE and _SVID_SOURCE are deprecated, use _DEFAULT_SOURCE"
      |   ^~~~~~~
conftest.c: In function 'main':
conftest.c:62:3: warning: ignoring return value of 'system' declared with attribute 'warn_unused_result' [-Wunused-result]
   62 |   system ("touch conf.gsltest");
      |   ^~~~~~~~~~~~~~~~~~~~~~~~~~~~~
configure:10043: $? = 0
configure:10043: ./conftest
configure:10043: $? = 0
configure:10057: result: yes
configure:10128: checking for nc_open in -lnetcdf
configure:10153: mpicc -o conftest -g -pg -O2 -D_XOPEN_SOURCE=700 -D_BSD_SOURCE -D_GNU_SOURCE -Wall -Werror-implicit-function-declaration -Wmissing-prototypes -Wmissing-declarations -pipe -std=c99  -pg conftest.c -lnetcdf -lm  >&5
configure:10153: $? = 0
configure:10162: result: yes
configure:10172: checking netcdf.h usability
configure:10172: mpicc -c -g -pg -O2 -D_XOPEN_SOURCE=700 -D_BSD_SOURCE -D_GNU_SOURCE -Wall -Werror-implicit-function-declaration -Wmissing-prototypes -Wmissing-declarations -pipe -std=c99  conftest.c >&5
In file included from /usr/include/x86_64-linux-gnu/bits/libc-header-start.h:33,
                 from /usr/include/stdio.h:27,
                 from conftest.c:33:
/usr/include/features.h:187:3: warning: #warning "_BSD_SOURCE and _SVID_SOURCE are deprecated, use _DEFAULT_SOURCE" [-Wcpp]
  187 | # warning "_BSD_SOURCE and _SVID_SOURCE are deprecated, use _DEFAULT_SOURCE"
      |   ^~~~~~~
configure:10172: $? = 0
configure:10172: result: yes
configure:10172: checking netcdf.h presence
configure:10172: mpicc -E  conftest.c
configure:10172: $? = 0
configure:10172: result: yes
configure:10172: checking for netcdf.h
configure:10172: result: yes
configure:10264: checking for g77
configure:10294: result: no
configure:10264: checking for xlf
configure:10294: result: no
configure:10264: checking for f77
configure:10280: found /usr/bin/f77
configure:10291: result: f77
configure:10317: checking for Fortran 77 compiler version
configure:10326: f77 --version >&5
GNU Fortran (Ubuntu 9.4.0-1ubuntu1~20.04.2) 9.4.0
Copyright (C) 2019 Free Software Foundation, Inc.
This is free software; see the source for copying conditions.  There is NO
warranty; not even for MERCHANTABILITY or FITNESS FOR A PARTICULAR PURPOSE.

configure:10337: $? = 0
configure:10326: f77 -v >&5
Using built-in specs.
COLLECT_GCC=f77
COLLECT_LTO_WRAPPER=/usr/lib/gcc/x86_64-linux-gnu/9/lto-wrapper
OFFLOAD_TARGET_NAMES=nvptx-none:hsa
OFFLOAD_TARGET_DEFAULT=1
Target: x86_64-linux-gnu
Configured with: ../src/configure -v --with-pkgversion='Ubuntu 9.4.0-1ubuntu1~20.04.2' --with-bugurl=file:///usr/share/doc/gcc-9/README.Bugs --enable-languages=c,ada,c++,go,brig,d,fortran,objc,obj-c++,gm2 --prefix=/usr --with-gcc-major-version-only --program-suffix=-9 --program-prefix=x86_64-linux-gnu- --enable-shared --enable-linker-build-id --libexecdir=/usr/lib --without-included-gettext --enable-threads=posix --libdir=/usr/lib --enable-nls --enable-clocale=gnu --enable-libstdcxx-debug --enable-libstdcxx-time=yes --with-default-libstdcxx-abi=new --enable-gnu-unique-object --disable-vtable-verify --enable-plugin --enable-default-pie --with-system-zlib --with-target-system-zlib=auto --enable-objc-gc=auto --enable-multiarch --disable-werror --with-arch-32=i686 --with-abi=m64 --with-multilib-list=m32,m64,mx32 --enable-multilib --with-tune=generic --enable-offload-targets=nvptx-none=/build/gcc-9-9QDOt0/gcc-9-9.4.0/debian/tmp-nvptx/usr,hsa --without-cuda-driver --enable-checking=release --build=x86_64-linux-gnu --host=x86_64-linux-gnu --target=x86_64-linux-gnu
Thread model: posix
gcc version 9.4.0 (Ubuntu 9.4.0-1ubuntu1~20.04.2) 
configure:10337: $? = 0
configure:10326: f77 -V >&5
f77: error: unrecognized command line option '-V'
f77: fatal error: no input files
compilation terminated.
configure:10337: $? = 1
configure:10326: f77 -qversion >&5
f77: error: unrecognized command line option '-qversion'; did you mean '--version'?
f77: fatal error: no input files
compilation terminated.
configure:10337: $? = 1
configure:10346: checking whether we are using the GNU Fortran 77 compiler
configure:10359: f77 -c  conftest.F >&5
configure:10359: $? = 0
configure:10368: result: yes
configure:10374: checking whether f77 accepts -g
configure:10385: f77 -c -g conftest.f >&5
configure:10385: $? = 0
configure:10393: result: yes
configure:10529: checking if libtool supports shared libraries
configure:10531: result: yes
configure:10534: checking whether to build shared libraries
configure:10554: result: yes
configure:10557: checking whether to build static libraries
configure:10561: result: yes
configure:10882: checking for f77 option to produce PIC
configure:10889: result: -fPIC
configure:10897: checking if f77 PIC flag -fPIC works
configure:10915: f77 -c -g -O2 -fPIC conftest.f >&5
configure:10919: $? = 0
configure:10932: result: yes
configure:10955: checking if f77 static flag -static works
configure:10983: result: yes
configure:10995: checking if f77 supports -c -o file.o
configure:11016: f77 -c -g -O2 -o out/conftest2.o conftest.f >&5
configure:11020: $? = 0
configure:11042: result: yes
configure:11047: checking if f77 supports -c -o file.o
configure:11094: result: yes
configure:11124: checking whether the f77 linker (/usr/bin/ld -m elf_x86_64) supports shared libraries
configure:12231: result: yes
configure:12372: checking dynamic linker characteristics
configure:13034: result: GNU/Linux ld.so
configure:13087: checking how to hardcode library paths into programs
configure:13112: result: immediate
configure:11031: checking how to get verbose linking output from f77
configure:11041: f77 -c -g -O2 conftest.f >&5
configure:11041: $? = 0
configure:11059: f77 -o conftest -g -O2 -v -pg conftest.f
Using built-in specs.
Target: x86_64-linux-gnu
Thread model: posix
gcc version 9.4.0 (Ubuntu 9.4.0-1ubuntu1~20.04.2) 
 /usr/lib/gcc/x86_64-linux-gnu/9/f951 conftest.f -ffixed-form -quiet -dumpbase conftest.f -mtune=generic -march=x86-64 -auxbase conftest -g -O2 -version -p -fintrinsic-modules-path /usr/lib/gcc/x86_64-linux-gnu/9/finclude -fpre-include=/usr/include/finclude/math-vector-fortran.h -o /tmp/ccQE8sAK.s
GNU Fortran (Ubuntu 9.4.0-1ubuntu1~20.04.2) version 9.4.0 (x86_64-linux-gnu)
	compiled by GNU C version 9.4.0, GMP version 6.2.0, MPFR version 4.0.2, MPC version 1.1.0, isl version isl-0.22.1-GMP

GGC heuristics: --param ggc-min-expand=100 --param ggc-min-heapsize=131072
GNU Fortran2008 (Ubuntu 9.4.0-1ubuntu1~20.04.2) version 9.4.0 (x86_64-linux-gnu)
	compiled by GNU C version 9.4.0, GMP version 6.2.0, MPFR version 4.0.2, MPC version 1.1.0, isl version isl-0.22.1-GMP

GGC heuristics: --param ggc-min-expand=100 --param ggc-min-heapsize=131072
 as -v --64 -o /tmp/cc25m0EL.o /tmp/ccQE8sAK.s
GNU assembler version 2.34 (x86_64-linux-gnu) using BFD version (GNU Binutils for Ubuntu) 2.34
Reading specs from /usr/lib/gcc/x86_64-linux-gnu/9/libgfortran.spec
rename spec lib to liborig
 /usr/lib/gcc/x86_64-linux-gnu/9/collect2 -plugin /usr/lib/gcc/x86_64-linux-gnu/9/liblto_plugin.so -plugin-opt=/usr/lib/gcc/x86_64-linux-gnu/9/lto-wrapper -plugin-opt=-fresolution=/tmp/ccTad99J.res -plugin-opt=-pass-through=-lgcc_s -plugin-opt=-pass-through=-lgcc -plugin-opt=-pass-through=-lquadmath -plugin-opt=-pass-through=-lm -plugin-opt=-pass-through=-lgcc_s -plugin-opt=-pass-through=-lgcc -plugin-opt=-pass-through=-lc -plugin-opt=-pass-through=-lgcc_s -plugin-opt=-pass-through=-lgcc --build-id --eh-frame-hdr -m elf_x86_64 --hash-style=gnu --as-needed -dynamic-linker /lib64/ld-linux-x86-64.so.2 -pie -z now -z relro -o conftest /usr/lib/gcc/x86_64-linux-gnu/9/../../../x86_64-linux-gnu/gcrt1.o /usr/lib/gcc/x86_64-linux-gnu/9/../../../x86_64-linux-gnu/crti.o /usr/lib/gcc/x86_64-linux-gnu/9/crtbeginS.o -L/usr/lib/gcc/x86_64-linux-gnu/9 -L/usr/lib/gcc/x86_64-linux-gnu/9/../../../x86_64-linux-gnu -L/usr/lib/gcc/x86_64-linux-gnu/9/../../../../lib -L/lib/x86_64-linux-gnu -L/lib/../lib -L/usr/lib/x86_64-linux-gnu -L/usr/lib/../lib -L/usr/lib/gcc/x86_64-linux-gnu/9/../../.. /tmp/cc25m0EL.o -lgfortran -lm -lgcc_s -lgcc -lquadmath -lm -lgcc_s -lgcc -lc -lgcc_s -lgcc /usr/lib/gcc/x86_64-linux-gnu/9/crtendS.o /usr/lib/gcc/x86_64-linux-gnu/9/../../../x86_64-linux-gnu/crtn.o
configure:11142: result: -v
configure:11144: checking for Fortran 77 libraries of f77
configure:11167: f77 -o conftest -g -O2 -v -pg conftest.f
Using built-in specs.
Target: x86_64-linux-gnu
Thread model: posix
gcc version 9.4.0 (Ubuntu 9.4.0-1ubuntu1~20.04.2) 
 /usr/lib/gcc/x86_64-linux-gnu/9/f951 conftest.f -ffixed-form -quiet -dumpbase conftest.f -mtune=generic -march=x86-64 -auxbase conftest -g -O2 -version -p -fintrinsic-modules-path /usr/lib/gcc/x86_64-linux-gnu/9/finclude -fpre-include=/usr/include/finclude/math-vector-fortran.h -o /tmp/ccjHpBLU.s
GNU Fortran (Ubuntu 9.4.0-1ubuntu1~20.04.2) version 9.4.0 (x86_64-linux-gnu)
	compiled by GNU C version 9.4.0, GMP version 6.2.0, MPFR version 4.0.2, MPC version 1.1.0, isl version isl-0.22.1-GMP

GGC heuristics: --param ggc-min-expand=100 --param ggc-min-heapsize=131072
GNU Fortran2008 (Ubuntu 9.4.0-1ubuntu1~20.04.2) version 9.4.0 (x86_64-linux-gnu)
	compiled by GNU C version 9.4.0, GMP version 6.2.0, MPFR version 4.0.2, MPC version 1.1.0, isl version isl-0.22.1-GMP

GGC heuristics: --param ggc-min-expand=100 --param ggc-min-heapsize=131072
 as -v --64 -o /tmp/cc6h7tnS.o /tmp/ccjHpBLU.s
GNU assembler version 2.34 (x86_64-linux-gnu) using BFD version (GNU Binutils for Ubuntu) 2.34
Reading specs from /usr/lib/gcc/x86_64-linux-gnu/9/libgfortran.spec
rename spec lib to liborig
 /usr/lib/gcc/x86_64-linux-gnu/9/collect2 -plugin /usr/lib/gcc/x86_64-linux-gnu/9/liblto_plugin.so -plugin-opt=/usr/lib/gcc/x86_64-linux-gnu/9/lto-wrapper -plugin-opt=-fresolution=/tmp/ccFs466S.res -plugin-opt=-pass-through=-lgcc_s -plugin-opt=-pass-through=-lgcc -plugin-opt=-pass-through=-lquadmath -plugin-opt=-pass-through=-lm -plugin-opt=-pass-through=-lgcc_s -plugin-opt=-pass-through=-lgcc -plugin-opt=-pass-through=-lc -plugin-opt=-pass-through=-lgcc_s -plugin-opt=-pass-through=-lgcc --build-id --eh-frame-hdr -m elf_x86_64 --hash-style=gnu --as-needed -dynamic-linker /lib64/ld-linux-x86-64.so.2 -pie -z now -z relro -o conftest /usr/lib/gcc/x86_64-linux-gnu/9/../../../x86_64-linux-gnu/gcrt1.o /usr/lib/gcc/x86_64-linux-gnu/9/../../../x86_64-linux-gnu/crti.o /usr/lib/gcc/x86_64-linux-gnu/9/crtbeginS.o -L/usr/lib/gcc/x86_64-linux-gnu/9 -L/usr/lib/gcc/x86_64-linux-gnu/9/../../../x86_64-linux-gnu -L/usr/lib/gcc/x86_64-linux-gnu/9/../../../../lib -L/lib/x86_64-linux-gnu -L/lib/../lib -L/usr/lib/x86_64-linux-gnu -L/usr/lib/../lib -L/usr/lib/gcc/x86_64-linux-gnu/9/../../.. /tmp/cc6h7tnS.o -lgfortran -lm -lgcc_s -lgcc -lquadmath -lm -lgcc_s -lgcc -lc -lgcc_s -lgcc /usr/lib/gcc/x86_64-linux-gnu/9/crtendS.o /usr/lib/gcc/x86_64-linux-gnu/9/../../../x86_64-linux-gnu/crtn.o
configure:11363: result:  -L/usr/lib/gcc/x86_64-linux-gnu/9 -L/usr/lib/gcc/x86_64-linux-gnu/9/../../../x86_64-linux-gnu -L/usr/lib/gcc/x86_64-linux-gnu/9/../../../../lib -L/lib/x86_64-linux-gnu -L/lib/../lib -L/usr/lib/x86_64-linux-gnu -L/usr/lib/../lib -L/usr/lib/gcc/x86_64-linux-gnu/9/../../.. -lgfortran -lm -lquadmath
configure:11379: checking for dummy main to link with Fortran 77 libraries
configure:11413: mpicc -o conftest -g -pg -O2 -D_XOPEN_SOURCE=700 -D_BSD_SOURCE -D_GNU_SOURCE -Wall -Werror-implicit-function-declaration -Wmissing-prototypes -Wmissing-declarations -pipe -std=c99  -pg conftest.c   -L/usr/lib/gcc/x86_64-linux-gnu/9 -L/usr/lib/gcc/x86_64-linux-gnu/9/../../../x86_64-linux-gnu -L/usr/lib/gcc/x86_64-linux-gnu/9/../../../../lib -L/lib/x86_64-linux-gnu -L/lib/../lib -L/usr/lib/x86_64-linux-gnu -L/usr/lib/../lib -L/usr/lib/gcc/x86_64-linux-gnu/9/../../.. -lgfortran -lm -lquadmath >&5
configure:11413: $? = 0
configure:11458: result: none
configure:11491: checking for Fortran 77 name-mangling scheme
configure:11504: f77 -c -g -O2 conftest.f >&5
configure:11504: $? = 0
configure:11545: mpicc -o conftest -g -pg -O2 -D_XOPEN_SOURCE=700 -D_BSD_SOURCE -D_GNU_SOURCE -Wall -Werror-implicit-function-declaration -Wmissing-prototypes -Wmissing-declarations -pipe -std=c99  -pg conftest.c cfortran_test.o   -L/usr/lib/gcc/x86_64-linux-gnu/9 -L/usr/lib/gcc/x86_64-linux-gnu/9/../../../x86_64-linux-gnu -L/usr/lib/gcc/x86_64-linux-gnu/9/../../../../lib -L/lib/x86_64-linux-gnu -L/lib/../lib -L/usr/lib/x86_64-linux-gnu -L/usr/lib/../lib -L/usr/lib/gcc/x86_64-linux-gnu/9/../../.. -lgfortran -lm -lquadmath >&5
/usr/bin/ld: /tmp/ccSez9bF.o: in function `main':
/home/nuh/Desktop/upb-masters-an-1/parallel-programming/project/Gerris/conftest.c:53: undefined reference to `foobar'
collect2: error: ld returned 1 exit status
configure:11545: $? = 1
configure: failed program was:
| /* confdefs.h */
| #define PACKAGE_NAME ""
| #define PACKAGE_TARNAME ""
| #define PACKAGE_VERSION ""
| #define PACKAGE_STRING ""
| #define PACKAGE_BUGREPORT ""
| #define PACKAGE_URL ""
| #define GFS_MAJOR_VERSION 1
| #define GFS_MINOR_VERSION 3
| #define GFS_MICRO_VERSION 2
| #define GFS_INTERFACE_AGE 0
| #define GFS_BINARY_AGE 0
| #define GFS_VERSION "1.3.2"
| #define GFS_COMPILATION_FLAGS "-g -pg -O2"
| #define HAVE_MPI 1
| #define STDC_HEADERS 1
| #define HAVE_SYS_TYPES_H 1
| #define HAVE_SYS_STAT_H 1
| #define HAVE_STDLIB_H 1
| #define HAVE_STRING_H 1
| #define HAVE_MEMORY_H 1
| #define HAVE_STRINGS_H 1
| #define HAVE_INTTYPES_H 1
| #define HAVE_STDINT_H 1
| #define HAVE_UNISTD_H 1
| #define HAVE_DLFCN_H 1
| #define LT_OBJDIR ".libs/"
| #define STDC_HEADERS 1
| #define HAVE_PKG_CONFIG 1
| #define HAVE_M4 1
| #define M4_OPTIONS "-P"
| #define HAVE_NETCDF_H 1
| /* end confdefs.h.  */
| 
| /* Override any GCC internal prototype to avoid an error.
|    Use char because int might match the return type of a GCC
|    builtin and then its argument prototype would still apply.  */
| #ifdef __cplusplus
| extern "C"
| #endif
| char foobar ();
| #ifdef F77_DUMMY_MAIN
| 
| #  ifdef __cplusplus
|      extern "C"
| #  endif
|    int F77_DUMMY_MAIN() { return 1; }
| 
| #endif
| int
| main ()
| {
| return foobar ();
|   ;
|   return 0;
| }
configure:11545: mpicc -o conftest -g -pg -O2 -D_XOPEN_SOURCE=700 -D_BSD_SOURCE -D_GNU_SOURCE -Wall -Werror-implicit-function-declaration -Wmissing-prototypes -Wmissing-declarations -pipe -std=c99  -pg conftest.c cfortran_test.o   -L/usr/lib/gcc/x86_64-linux-gnu/9 -L/usr/lib/gcc/x86_64-linux-gnu/9/../../../x86_64-linux-gnu -L/usr/lib/gcc/x86_64-linux-gnu/9/../../../../lib -L/lib/x86_64-linux-gnu -L/lib/../lib -L/usr/lib/x86_64-linux-gnu -L/usr/lib/../lib -L/usr/lib/gcc/x86_64-linux-gnu/9/../../.. -lgfortran -lm -lquadmath >&5
configure:11545: $? = 0
configure:11603: mpicc -o conftest -g -pg -O2 -D_XOPEN_SOURCE=700 -D_BSD_SOURCE -D_GNU_SOURCE -Wall -Werror-implicit-function-declaration -Wmissing-prototypes -Wmissing-declarations -pipe -std=c99  -pg conftest.c cfortran_test.o   -L/usr/lib/gcc/x86_64-linux-gnu/9 -L/usr/lib/gcc/x86_64-linux-gnu/9/../../../x86_64-linux-gnu -L/usr/lib/gcc/x86_64-linux-gnu/9/../../../../lib -L/lib/x86_64-linux-gnu -L/lib/../lib -L/usr/lib/x86_64-linux-gnu -L/usr/lib/../lib -L/usr/lib/gcc/x86_64-linux-gnu/9/../../.. -lgfortran -lm -lquadmath >&5
configure:11603: $? = 0
configure:11645: result: lower case, underscore, no extra underscore
configure:14928: checking for ode-config
configure:14944: found /usr/bin/ode-config
configure:14956: result: yes
configure:14985: checking for HYPRE_IJMatrixCreate in -lHYPRE
configure:15018: mpicc -o conftest -g -pg -O2 -D_XOPEN_SOURCE=700 -D_BSD_SOURCE -D_GNU_SOURCE -Wall -Werror-implicit-function-declaration -Wmissing-prototypes -Wmissing-declarations -pipe -std=c99  -pg conftest.c -lHYPRE -lm  >&5
/usr/bin/ld: /tmp/cc5opOwF.o: in function `main':
/home/nuh/Desktop/upb-masters-an-1/parallel-programming/project/Gerris/conftest.c:55: undefined reference to `HYPRE_IJMatrixCreate'
collect2: error: ld returned 1 exit status
configure:15018: $? = 1
configure: failed program was:
| /* confdefs.h */
| #define PACKAGE_NAME ""
| #define PACKAGE_TARNAME ""
| #define PACKAGE_VERSION ""
| #define PACKAGE_STRING ""
| #define PACKAGE_BUGREPORT ""
| #define PACKAGE_URL ""
| #define GFS_MAJOR_VERSION 1
| #define GFS_MINOR_VERSION 3
| #define GFS_MICRO_VERSION 2
| #define GFS_INTERFACE_AGE 0
| #define GFS_BINARY_AGE 0
| #define GFS_VERSION "1.3.2"
| #define GFS_COMPILATION_FLAGS "-g -pg -O2"
| #define HAVE_MPI 1
| #define STDC_HEADERS 1
| #define HAVE_SYS_TYPES_H 1
| #define HAVE_SYS_STAT_H 1
| #define HAVE_STDLIB_H 1
| #define HAVE_STRING_H 1
| #define HAVE_MEMORY_H 1
| #define HAVE_STRINGS_H 1
| #define HAVE_INTTYPES_H 1
| #define HAVE_STDINT_H 1
| #define HAVE_UNISTD_H 1
| #define HAVE_DLFCN_H 1
| #define LT_OBJDIR ".libs/"
| #define STDC_HEADERS 1
| #define HAVE_PKG_CONFIG 1
| #define HAVE_M4 1
| #define M4_OPTIONS "-P"
| #define HAVE_NETCDF_H 1
| #define F77_FUNC(name,NAME) name ## _
| #define F77_FUNC_(name,NAME) name ## _
| /* end confdefs.h.  */
| 
| /* Override any GCC internal prototype to avoid an error.
|    Use char because int might match the return type of a GCC
|    builtin and then its argument prototype would still apply.  */
| #ifdef __cplusplus
| extern "C"
| #endif
| char HYPRE_IJMatrixCreate ();
| #ifdef F77_DUMMY_MAIN
| 
| #  ifdef __cplusplus
|      extern "C"
| #  endif
|    int F77_DUMMY_MAIN() { return 1; }
| 
| #endif
| int
| main ()
| {
| return HYPRE_IJMatrixCreate ();
|   ;
|   return 0;
| }
configure:15027: result: no
configure:15052: WARNING: HYPRE not found. hypre Module won't be available.
configure:15066: checking for lis_initialize in -llis
configure:15099: mpicc -o conftest -g -pg -O2 -D_XOPEN_SOURCE=700 -D_BSD_SOURCE -D_GNU_SOURCE -Wall -Werror-implicit-function-declaration -Wmissing-prototypes -Wmissing-declarations -pipe -std=c99  -pg conftest.c -llis -lgfortran -lm  >&5
/usr/bin/ld: cannot find -llis
/usr/bin/ld: cannot find -lgfortran
collect2: error: ld returned 1 exit status
configure:15099: $? = 1
configure: failed program was:
| /* confdefs.h */
| #define PACKAGE_NAME ""
| #define PACKAGE_TARNAME ""
| #define PACKAGE_VERSION ""
| #define PACKAGE_STRING ""
| #define PACKAGE_BUGREPORT ""
| #define PACKAGE_URL ""
| #define GFS_MAJOR_VERSION 1
| #define GFS_MINOR_VERSION 3
| #define GFS_MICRO_VERSION 2
| #define GFS_INTERFACE_AGE 0
| #define GFS_BINARY_AGE 0
| #define GFS_VERSION "1.3.2"
| #define GFS_COMPILATION_FLAGS "-g -pg -O2"
| #define HAVE_MPI 1
| #define STDC_HEADERS 1
| #define HAVE_SYS_TYPES_H 1
| #define HAVE_SYS_STAT_H 1
| #define HAVE_STDLIB_H 1
| #define HAVE_STRING_H 1
| #define HAVE_MEMORY_H 1
| #define HAVE_STRINGS_H 1
| #define HAVE_INTTYPES_H 1
| #define HAVE_STDINT_H 1
| #define HAVE_UNISTD_H 1
| #define HAVE_DLFCN_H 1
| #define LT_OBJDIR ".libs/"
| #define STDC_HEADERS 1
| #define HAVE_PKG_CONFIG 1
| #define HAVE_M4 1
| #define M4_OPTIONS "-P"
| #define HAVE_NETCDF_H 1
| #define F77_FUNC(name,NAME) name ## _
| #define F77_FUNC_(name,NAME) name ## _
| /* end confdefs.h.  */
| 
| /* Override any GCC internal prototype to avoid an error.
|    Use char because int might match the return type of a GCC
|    builtin and then its argument prototype would still apply.  */
| #ifdef __cplusplus
| extern "C"
| #endif
| char lis_initialize ();
| #ifdef F77_DUMMY_MAIN
| 
| #  ifdef __cplusplus
|      extern "C"
| #  endif
|    int F77_DUMMY_MAIN() { return 1; }
| 
| #endif
| int
| main ()
| {
| return lis_initialize ();
|   ;
|   return 0;
| }
configure:15108: result: no
configure:15133: WARNING: lis not found. lis Module won't be available.
configure:15148: checking for FFTW3
configure:15155: $PKG_CONFIG --exists --print-errors " fftw3 >= 3 "
configure:15158: $? = 0
configure:15172: $PKG_CONFIG --exists --print-errors " fftw3 >= 3 "
configure:15175: $? = 0
configure:15213: result: yes
configure:15231: checking fenv.h usability
configure:15231: mpicc -c -g -pg -O2 -D_XOPEN_SOURCE=700 -D_BSD_SOURCE -D_GNU_SOURCE -Wall -Werror-implicit-function-declaration -Wmissing-prototypes -Wmissing-declarations -pipe -std=c99  conftest.c >&5
In file included from /usr/include/x86_64-linux-gnu/bits/libc-header-start.h:33,
                 from /usr/include/stdio.h:27,
                 from conftest.c:36:
/usr/include/features.h:187:3: warning: #warning "_BSD_SOURCE and _SVID_SOURCE are deprecated, use _DEFAULT_SOURCE" [-Wcpp]
  187 | # warning "_BSD_SOURCE and _SVID_SOURCE are deprecated, use _DEFAULT_SOURCE"
      |   ^~~~~~~
configure:15231: $? = 0
configure:15231: result: yes
configure:15231: checking fenv.h presence
configure:15231: mpicc -E  conftest.c
configure:15231: $? = 0
configure:15231: result: yes
configure:15231: checking for fenv.h
configure:15231: result: yes
configure:15244: checking for unistd.h
configure:15244: result: yes
configure:15257: checking getopt.h usability
configure:15257: mpicc -c -g -pg -O2 -D_XOPEN_SOURCE=700 -D_BSD_SOURCE -D_GNU_SOURCE -Wall -Werror-implicit-function-declaration -Wmissing-prototypes -Wmissing-declarations -pipe -std=c99  conftest.c >&5
In file included from /usr/include/x86_64-linux-gnu/bits/libc-header-start.h:33,
                 from /usr/include/stdio.h:27,
                 from conftest.c:40:
/usr/include/features.h:187:3: warning: #warning "_BSD_SOURCE and _SVID_SOURCE are deprecated, use _DEFAULT_SOURCE" [-Wcpp]
  187 | # warning "_BSD_SOURCE and _SVID_SOURCE are deprecated, use _DEFAULT_SOURCE"
      |   ^~~~~~~
configure:15257: $? = 0
configure:15257: result: yes
configure:15257: checking getopt.h presence
configure:15257: mpicc -E  conftest.c
configure:15257: $? = 0
configure:15257: result: yes
configure:15257: checking for getopt.h
configure:15257: result: yes
configure:15277: checking for getopt_long
configure:15277: mpicc -o conftest -pthread -I/usr/include/glib-2.0 -I/usr/lib/x86_64-linux-gnu/glib-2.0/include  -pg conftest.c -lgts -lm -lgthread-2.0 -pthread -Wl,--export-dynamic -lgmodule-2.0 -pthread -lglib-2.0 >&5
configure:15277: $? = 0
configure:15277: result: yes
configure:15277: checking for g_mkdtemp
configure:15277: mpicc -o conftest -pthread -I/usr/include/glib-2.0 -I/usr/lib/x86_64-linux-gnu/glib-2.0/include  -pg conftest.c -lgts -lm -lgthread-2.0 -pthread -Wl,--export-dynamic -lgmodule-2.0 -pthread -lglib-2.0 >&5
configure:15277: $? = 0
configure:15277: result: yes
configure:15277: checking for open_memstream
configure:15277: mpicc -o conftest -pthread -I/usr/include/glib-2.0 -I/usr/lib/x86_64-linux-gnu/glib-2.0/include  -pg conftest.c -lgts -lm -lgthread-2.0 -pthread -Wl,--export-dynamic -lgmodule-2.0 -pthread -lglib-2.0 >&5
configure:15277: $? = 0
configure:15277: result: yes
configure:15277: checking for funopen
configure:15277: mpicc -o conftest -pthread -I/usr/include/glib-2.0 -I/usr/lib/x86_64-linux-gnu/glib-2.0/include  -pg conftest.c -lgts -lm -lgthread-2.0 -pthread -Wl,--export-dynamic -lgmodule-2.0 -pthread -lglib-2.0 >&5
/usr/bin/ld: /tmp/cci2Zig6.o: in function `main':
conftest.c:(.text+0x14): undefined reference to `funopen'
collect2: error: ld returned 1 exit status
configure:15277: $? = 1
configure: failed program was:
| /* confdefs.h */
| #define PACKAGE_NAME ""
| #define PACKAGE_TARNAME ""
| #define PACKAGE_VERSION ""
| #define PACKAGE_STRING ""
| #define PACKAGE_BUGREPORT ""
| #define PACKAGE_URL ""
| #define GFS_MAJOR_VERSION 1
| #define GFS_MINOR_VERSION 3
| #define GFS_MICRO_VERSION 2
| #define GFS_INTERFACE_AGE 0
| #define GFS_BINARY_AGE 0
| #define GFS_VERSION "1.3.2"
| #define GFS_COMPILATION_FLAGS "-g -pg -O2"
| #define HAVE_MPI 1
| #define STDC_HEADERS 1
| #define HAVE_SYS_TYPES_H 1
| #define HAVE_SYS_STAT_H 1
| #define HAVE_STDLIB_H 1
| #define HAVE_STRING_H 1
| #define HAVE_MEMORY_H 1
| #define HAVE_STRINGS_H 1
| #define HAVE_INTTYPES_H 1
| #define HAVE_STDINT_H 1
| #define HAVE_UNISTD_H 1
| #define HAVE_DLFCN_H 1
| #define LT_OBJDIR ".libs/"
| #define STDC_HEADERS 1
| #define HAVE_PKG_CONFIG 1
| #define HAVE_M4 1
| #define M4_OPTIONS "-P"
| #define HAVE_NETCDF_H 1
| #define F77_FUNC(name,NAME) name ## _
| #define F77_FUNC_(name,NAME) name ## _
| #define HAVE_FENV_H 1
| #define HAVE_FENV_H 1
| #define HAVE_UNISTD_H 1
| #define HAVE_UNISTD_H 1
| #define HAVE_GETOPT_H 1
| #define HAVE_GETOPT_H 1
| #define HAVE_GETOPT_LONG 1
| #define HAVE_G_MKDTEMP 1
| #define HAVE_OPEN_MEMSTREAM 1
| /* end confdefs.h.  */
| /* Define funopen to an innocuous variant, in case <limits.h> declares funopen.
|    For example, HP-UX 11i <limits.h> declares gettimeofday.  */
| #define funopen innocuous_funopen
| 
| /* System header to define __stub macros and hopefully few prototypes,
|     which can conflict with char funopen (); below.
|     Prefer <limits.h> to <assert.h> if __STDC__ is defined, since
|     <limits.h> exists even on freestanding compilers.  */
| 
| #ifdef __STDC__
| # include <limits.h>
| #else
| # include <assert.h>
| #endif
| 
| #undef funopen
| 
| /* Override any GCC internal prototype to avoid an error.
|    Use char because int might match the return type of a GCC
|    builtin and then its argument prototype would still apply.  */
| #ifdef __cplusplus
| extern "C"
| #endif
| char funopen ();
| /* The GNU C library defines this for functions which it implements
|     to always fail with ENOSYS.  Some functions are actually named
|     something starting with __ and the normal name is an alias.  */
| #if defined __stub_funopen || defined __stub___funopen
| choke me
| #endif
| 
| int
| main ()
| {
| return funopen ();
|   ;
|   return 0;
| }
configure:15277: result: no
configure:15292: checking for open_memstream
configure:15292: result: yes
configure:15506: creating ./config.status

## ---------------------- ##
## Running config.status. ##
## ---------------------- ##

This file was extended by config.status, which was
generated by GNU Autoconf 2.69.  Invocation command line was

  CONFIG_FILES    = 
  CONFIG_HEADERS  = 
  CONFIG_LINKS    = 
  CONFIG_COMMANDS = 
  $ ./config.status 

on nuh-Dell-G15-5511

config.status:1296: creating Makefile
config.status:1296: creating src/Makefile
config.status:1296: creating src/gerris2D.pc
config.status:1296: creating src/gerris3D.pc
config.status:1296: creating tools/Makefile
config.status:1296: creating modules/Makefile
config.status:1296: creating modules/RStarTree/Makefile
config.status:1296: creating modules/kdt/Makefile
config.status:1296: creating modules/fes2004/Makefile
config.status:1296: creating modules/wavewatch/Makefile
config.status:1296: creating modules/culvert/Makefile
config.status:1296: creating test/Makefile
config.status:1296: creating doc/Makefile
config.status:1296: creating doc/tutorial/Makefile
config.status:1296: creating doc/examples/Makefile
config.status:1296: creating doc/manpages/Makefile
config.status:1296: creating doc/examples/gfs2doc
config.status:1296: creating doc/examples/gfs-highlight
config.status:1296: creating doc/examples/crossref.sh
config.status:1296: creating desktop/Makefile
config.status:1296: creating debian/Makefile
config.status:1296: creating config.h
config.status:1477: config.h is unchanged
config.status:1525: executing depfiles commands
config.status:1525: executing libtool commands

## ---------------- ##
## Cache variables. ##
## ---------------- ##

ac_cv_build=x86_64-unknown-linux-gnu
ac_cv_c_compiler_gnu=yes
ac_cv_env_CC_set=
ac_cv_env_CC_value=
ac_cv_env_CFLAGS_set=set
ac_cv_env_CFLAGS_value='-g -pg -O2'
ac_cv_env_CPPFLAGS_set=
ac_cv_env_CPPFLAGS_value=
ac_cv_env_CPP_set=
ac_cv_env_CPP_value=
ac_cv_env_F77_set=
ac_cv_env_F77_value=
ac_cv_env_FCFLAGS_set=
ac_cv_env_FCFLAGS_value=
ac_cv_env_FC_set=
ac_cv_env_FC_value=
ac_cv_env_FFLAGS_set=
ac_cv_env_FFLAGS_value=
ac_cv_env_FFTW3_CFLAGS_set=
ac_cv_env_FFTW3_CFLAGS_value=
ac_cv_env_FFTW3_LIBS_set=
ac_cv_env_FFTW3_LIBS_value=
ac_cv_env_GTS_CFLAGS_set=
ac_cv_env_GTS_CFLAGS_value=
ac_cv_env_GTS_LIBS_set=
ac_cv_env_GTS_LIBS_value=
ac_cv_env_LDFLAGS_set=set
ac_cv_env_LDFLAGS_value=-pg
ac_cv_env_LIBS_set=
ac_cv_env_LIBS_value=
ac_cv_env_PKG_CONFIG_LIBDIR_set=
ac_cv_env_PKG_CONFIG_LIBDIR_value=
ac_cv_env_PKG_CONFIG_PATH_set=set
ac_cv_env_PKG_CONFIG_PATH_value=:/usr/local/lib/pkgconfig
ac_cv_env_PKG_CONFIG_set=
ac_cv_env_PKG_CONFIG_value=
ac_cv_env_build_alias_set=
ac_cv_env_build_alias_value=
ac_cv_env_host_alias_set=
ac_cv_env_host_alias_value=
ac_cv_env_target_alias_set=
ac_cv_env_target_alias_value=
ac_cv_f77_compiler_gnu=yes
ac_cv_f77_dummy_main=none
ac_cv_f77_libs=' -L/usr/lib/gcc/x86_64-linux-gnu/9 -L/usr/lib/gcc/x86_64-linux-gnu/9/../../../x86_64-linux-gnu -L/usr/lib/gcc/x86_64-linux-gnu/9/../../../../lib -L/lib/x86_64-linux-gnu -L/lib/../lib -L/usr/lib/x86_64-linux-gnu -L/usr/lib/../lib -L/usr/lib/gcc/x86_64-linux-gnu/9/../../.. -lgfortran -lm -lquadmath'
ac_cv_f77_mangling='lower case, underscore, no extra underscore'
ac_cv_fortran_dummy_main=none
ac_cv_func_funopen=no
ac_cv_func_g_mkdtemp=yes
ac_cv_func_getopt_long=yes
ac_cv_func_open_memstream=yes
ac_cv_header_dlfcn_h=yes
ac_cv_header_fenv_h=yes
ac_cv_header_getopt_h=yes
ac_cv_header_inttypes_h=yes
ac_cv_header_memory_h=yes
ac_cv_header_netcdf_h=yes
ac_cv_header_proj_api_h=no
ac_cv_header_stdc=yes
ac_cv_header_stdint_h=yes
ac_cv_header_stdlib_h=yes
ac_cv_header_string_h=yes
ac_cv_header_strings_h=yes
ac_cv_header_sys_stat_h=yes
ac_cv_header_sys_types_h=yes
ac_cv_header_unistd_h=yes
ac_cv_host=x86_64-unknown-linux-gnu
ac_cv_lib_HYPRE_HYPRE_IJMatrixCreate=no
ac_cv_lib_lis_lis_initialize=no
ac_cv_lib_netcdf_nc_open=yes
ac_cv_lib_proj_pj_fwd=yes
ac_cv_objext=o
ac_cv_path_EGREP='/usr/bin/grep -E'
ac_cv_path_FGREP='/usr/bin/grep -F'
ac_cv_path_GREP=/usr/bin/grep
ac_cv_path_GSL_CONFIG=/usr/bin/gsl-config
ac_cv_path_SED=/usr/bin/sed
ac_cv_path_ac_pt_PKG_CONFIG=/usr/bin/pkg-config
ac_cv_path_install='/usr/bin/install -c'
ac_cv_path_mkdir=/usr/bin/mkdir
ac_cv_prog_AWK=mawk
ac_cv_prog_CPP='mpicc -E'
ac_cv_prog_ac_ct_AR=ar
ac_cv_prog_ac_ct_CC=mpicc
ac_cv_prog_ac_ct_DLLTOOL=dlltool
ac_cv_prog_ac_ct_F77=f77
ac_cv_prog_ac_ct_MANIFEST_TOOL=mt
ac_cv_prog_ac_ct_OBJDUMP=objdump
ac_cv_prog_ac_ct_RANLIB=ranlib
ac_cv_prog_ac_ct_STRIP=strip
ac_cv_prog_cc_c89=
ac_cv_prog_cc_g=yes
ac_cv_prog_cc_mpicc_c_o=yes
ac_cv_prog_f77_g=yes
ac_cv_prog_f77_v=-v
ac_cv_prog_have_m4=yes
ac_cv_prog_have_pkg_config=yes
ac_cv_prog_make_make_set=yes
ac_cv_prog_ode=yes
ac_cv_prog_use_mpicc=yes
ac_cv_search_strerror='none required'
am_cv_CC_dependencies_compiler_type=gcc3
lt_cv_ar_at_file=@
lt_cv_archive_cmds_need_lc=no
lt_cv_deplibs_check_method=pass_all
lt_cv_file_magic_cmd='$MAGIC_CMD'
lt_cv_file_magic_test_file=
lt_cv_ld_reload_flag=-r
lt_cv_nm_interface='BSD nm'
lt_cv_objdir=.libs
lt_cv_path_LD=/usr/bin/ld
lt_cv_path_NM='/usr/bin/nm -B'
lt_cv_path_mainfest_tool=no
lt_cv_prog_compiler_c_o=yes
lt_cv_prog_compiler_c_o_F77=yes
lt_cv_prog_compiler_pic='-fPIC -DPIC'
lt_cv_prog_compiler_pic_F77=-fPIC
lt_cv_prog_compiler_pic_works=yes
lt_cv_prog_compiler_pic_works_F77=yes
lt_cv_prog_compiler_rtti_exceptions=no
lt_cv_prog_compiler_static_works=no
lt_cv_prog_compiler_static_works_F77=yes
lt_cv_prog_gnu_ld=yes
lt_cv_sharedlib_from_linklib_cmd='printf %s\n'
lt_cv_shlibpath_overrides_runpath=yes
lt_cv_sys_global_symbol_pipe='sed -n -e '\''s/^.*[	 ]\([ABCDGIRSTW][ABCDGIRSTW]*\)[	 ][	 ]*\([_A-Za-z][_A-Za-z0-9]*\)$/\1 \2 \2/p'\'' | sed '\''/ __gnu_lto/d'\'''
lt_cv_sys_global_symbol_to_c_name_address='sed -n -e '\''s/^: \([^ ]*\)[ ]*$/  {\"\1\", (void *) 0},/p'\'' -e '\''s/^[ABCDGIRSTW]* \([^ ]*\) \([^ ]*\)$/  {"\2", (void *) \&\2},/p'\'''
lt_cv_sys_global_symbol_to_c_name_address_lib_prefix='sed -n -e '\''s/^: \([^ ]*\)[ ]*$/  {\"\1\", (void *) 0},/p'\'' -e '\''s/^[ABCDGIRSTW]* \([^ ]*\) \(lib[^ ]*\)$/  {"\2", (void *) \&\2},/p'\'' -e '\''s/^[ABCDGIRSTW]* \([^ ]*\) \([^ ]*\)$/  {"lib\2", (void *) \&\2},/p'\'''
lt_cv_sys_global_symbol_to_cdecl='sed -n -e '\''s/^T .* \(.*\)$/extern int \1();/p'\'' -e '\''s/^[ABCDGIRSTW]* .* \(.*\)$/extern char \1;/p'\'''
lt_cv_sys_max_cmd_len=1572864
lt_cv_to_host_file_cmd=func_convert_file_noop
lt_cv_to_tool_file_cmd=func_convert_file_noop
pkg_cv_FFTW3_CFLAGS=
pkg_cv_FFTW3_LIBS=-lfftw3
pkg_cv_GTS_CFLAGS='-pthread -I/usr/include/glib-2.0 -I/usr/lib/x86_64-linux-gnu/glib-2.0/include'
pkg_cv_GTS_LIBS='-lgts -lm -lgthread-2.0 -pthread -Wl,--export-dynamic -lgmodule-2.0 -pthread -lglib-2.0'

## ----------------- ##
## Output variables. ##
## ----------------- ##

ACLOCAL='${SHELL} /home/nuh/Desktop/upb-masters-an-1/parallel-programming/project/Gerris/missing --run aclocal-1.11'
AMDEPBACKSLASH='\'
AMDEP_FALSE='#'
AMDEP_TRUE=''
AMTAR='$${TAR-tar}'
AR='ar'
AS='as'
AUTOCONF='${SHELL} /home/nuh/Desktop/upb-masters-an-1/parallel-programming/project/Gerris/missing --run autoconf'
AUTOHEADER='${SHELL} /home/nuh/Desktop/upb-masters-an-1/parallel-programming/project/Gerris/missing --run autoheader'
AUTOMAKE='${SHELL} /home/nuh/Desktop/upb-masters-an-1/parallel-programming/project/Gerris/missing --run automake-1.11'
AWK='mawk'
BUILD_AGMG_FALSE=''
BUILD_AGMG_TRUE='#'
BUILD_HYPRE_FALSE=''
BUILD_HYPRE_TRUE='#'
BUILD_LIS_FALSE=''
BUILD_LIS_TRUE='#'
BUILD_ODE_FALSE='#'
BUILD_ODE_TRUE=''
BUILD_STOKES_FALSE='#'
BUILD_STOKES_TRUE=''
BUILD_TIDE_FALSE='#'
BUILD_TIDE_TRUE=''
BUILD_WAVEWATCH_FALSE=''
BUILD_WAVEWATCH_TRUE='#'
CC='mpicc'
CCDEPMODE='depmode=gcc3'
CFLAGS='-g -pg -O2 -D_XOPEN_SOURCE=700 -D_BSD_SOURCE -D_GNU_SOURCE -Wall -Werror-implicit-function-declaration -Wmissing-prototypes -Wmissing-declarations -pipe -std=c99'
CPP='mpicc -E'
CPPFLAGS=''
CYGPATH_W='echo'
DARCS_CONTROLLED_FALSE=''
DARCS_CONTROLLED_TRUE='#'
DEFS='-DHAVE_CONFIG_H'
DEPDIR='.deps'
DLLTOOL='dlltool'
DSYMUTIL=''
DUMPBIN=''
ECHO_C=''
ECHO_N='-n'
ECHO_T=''
EGREP='/usr/bin/grep -E'
EXEEXT=''
F77='f77'
FC=''
FCFLAGS=''
FFLAGS='-g -O2'
FFTW3_CFLAGS=''
FFTW3_LIBS='-lfftw3'
FGREP='/usr/bin/grep -F'
FLIBS=' -L/usr/lib/gcc/x86_64-linux-gnu/9 -L/usr/lib/gcc/x86_64-linux-gnu/9/../../../x86_64-linux-gnu -L/usr/lib/gcc/x86_64-linux-gnu/9/../../../../lib -L/lib/x86_64-linux-gnu -L/lib/../lib -L/usr/lib/x86_64-linux-gnu -L/usr/lib/../lib -L/usr/lib/gcc/x86_64-linux-gnu/9/../../.. -lgfortran -lm -lquadmath'
GFS2D_LIBS='$(top_builddir)/src/libgfs2D.la -lgts -lm -lgthread-2.0 -pthread -Wl,--export-dynamic -lgmodule-2.0 -pthread -lglib-2.0'
GFS3D_LIBS='$(top_builddir)/src/libgfs3D.la -lgts -lm -lgthread-2.0 -pthread -Wl,--export-dynamic -lgmodule-2.0 -pthread -lglib-2.0'
GFS_COMPILATION_FLAGS='-g -pg -O2'
GFS_MAJOR_VERSION='1'
GFS_MICRO_VERSION='2'
GFS_MINOR_VERSION='3'
GFS_VERSION='1.3.2'
GREP='/usr/bin/grep'
GSL_CFLAGS='-I/usr/include'
GSL_CONFIG='/usr/bin/gsl-config'
GSL_LIBS='-L/usr/lib/x86_64-linux-gnu -lgsl -lgslcblas -lm'
GTS_CFLAGS='-pthread -I/usr/include/glib-2.0 -I/usr/lib/x86_64-linux-gnu/glib-2.0/include'
GTS_LIBS='-lgts -lm -lgthread-2.0 -pthread -Wl,--export-dynamic -lgmodule-2.0 -pthread -lglib-2.0'
HAS_FFTW3_FALSE='#'
HAS_FFTW3_TRUE=''
HAS_GSL_FALSE='#'
HAS_GSL_TRUE=''
HAS_LIBPROJ_FALSE=''
HAS_LIBPROJ_TRUE='#'
HAS_NETCDF_FALSE='#'
HAS_NETCDF_TRUE=''
INSTALL_DATA='${INSTALL} -m 644'
INSTALL_PROGRAM='${INSTALL}'
INSTALL_SCRIPT='${INSTALL}'
INSTALL_STRIP_PROGRAM='$(install_sh) -c -s'
LD='/usr/bin/ld -m elf_x86_64'
LDFLAGS='-pg'
LIBOBJS=''
LIBS=''
LIBTOOL='$(SHELL) $(top_builddir)/libtool --silent'
LIPO=''
LN_S='ln -s'
LTLIBOBJS=''
LT_AGE='0'
LT_CURRENT='2'
LT_RELEASE='1.3'
LT_REVISION='0'
MAINT='#'
MAINTAINER_MODE_FALSE=''
MAINTAINER_MODE_TRUE='#'
MAKEINFO='${SHELL} /home/nuh/Desktop/upb-masters-an-1/parallel-programming/project/Gerris/missing --run makeinfo'
MANIFEST_TOOL=':'
MKDIR_P='/usr/bin/mkdir -p'
NM='/usr/bin/nm -B'
NMEDIT=''
NO_UNDEFINED='-no-undefined'
OBJDUMP='objdump'
OBJEXT='o'
ODE_CFLAGS='-I/usr/include'
ODE_LIBS='-L/usr/lib/x86_64-linux-gnu -lode -lstdc++'
OPEN_MEMSTREAM_FALSE=''
OPEN_MEMSTREAM_TRUE='#'
OTOOL64=''
OTOOL=''
PACKAGE='gerris'
PACKAGE_BUGREPORT=''
PACKAGE_NAME=''
PACKAGE_STRING=''
PACKAGE_TARNAME=''
PACKAGE_URL=''
PACKAGE_VERSION=''
PATH_SEPARATOR=':'
PKG_CONFIG='/usr/bin/pkg-config'
PKG_CONFIG_LIBDIR=''
PKG_CONFIG_PATH=':/usr/local/lib/pkgconfig'
RANLIB='ranlib'
SED='/usr/bin/sed'
SET_MAKE=''
SHELL='/bin/bash'
STRIP='strip'
VERSION='1.3.2'
W3INIT=''
WEBROOT='/var/www/site-gerris/gerris'
ac_ct_AR='ar'
ac_ct_CC='mpicc'
ac_ct_DUMPBIN=''
ac_ct_F77='f77'
ac_ct_FC=''
am__EXEEXT_FALSE=''
am__EXEEXT_TRUE='#'
am__fastdepCC_FALSE='#'
am__fastdepCC_TRUE=''
am__include='include'
am__isrc=''
am__leading_dot='.'
am__nodep='_no'
am__quote=''
am__tar='$${TAR-tar} chof - "$$tardir"'
am__untar='$${TAR-tar} xf -'
bindir='${exec_prefix}/bin'
build='x86_64-unknown-linux-gnu'
build_alias=''
build_cpu='x86_64'
build_os='linux-gnu'
build_vendor='unknown'
datadir='${datarootdir}'
datarootdir='${prefix}/share'
docdir='${datarootdir}/doc/${PACKAGE}'
dvidir='${docdir}'
exec_prefix='${prefix}'
have_m4='yes'
have_pkg_config='yes'
host='x86_64-unknown-linux-gnu'
host_alias=''
host_cpu='x86_64'
host_os='linux-gnu'
host_vendor='unknown'
htmldir='${docdir}'
includedir='${prefix}/include'
infodir='${datarootdir}/info'
install_sh='${SHELL} /home/nuh/Desktop/upb-masters-an-1/parallel-programming/project/Gerris/install-sh'
libdir='${exec_prefix}/lib'
libexecdir='${exec_prefix}/libexec'
localedir='${datarootdir}/locale'
localstatedir='${prefix}/var'
mandir='${datarootdir}/man'
mkdir_p='/usr/bin/mkdir -p'
ode='yes'
oldincludedir='/usr/include'
pdfdir='${docdir}'
prefix='/usr/local'
program_transform_name='s,x,x,'
psdir='${docdir}'
sbindir='${exec_prefix}/sbin'
sharedstatedir='${prefix}/com'
sysconfdir='${prefix}/etc'
target_alias=''
use_mpicc='yes'

## ----------- ##
## confdefs.h. ##
## ----------- ##

/* confdefs.h */
#define PACKAGE_NAME ""
#define PACKAGE_TARNAME ""
#define PACKAGE_VERSION ""
#define PACKAGE_STRING ""
#define PACKAGE_BUGREPORT ""
#define PACKAGE_URL ""
#define GFS_MAJOR_VERSION 1
#define GFS_MINOR_VERSION 3
#define GFS_MICRO_VERSION 2
#define GFS_INTERFACE_AGE 0
#define GFS_BINARY_AGE 0
#define GFS_VERSION "1.3.2"
#define GFS_COMPILATION_FLAGS "-g -pg -O2"
#define HAVE_MPI 1
#define STDC_HEADERS 1
#define HAVE_SYS_TYPES_H 1
#define HAVE_SYS_STAT_H 1
#define HAVE_STDLIB_H 1
#define HAVE_STRING_H 1
#define HAVE_MEMORY_H 1
#define HAVE_STRINGS_H 1
#define HAVE_INTTYPES_H 1
#define HAVE_STDINT_H 1
#define HAVE_UNISTD_H 1
#define HAVE_DLFCN_H 1
#define LT_OBJDIR ".libs/"
#define STDC_HEADERS 1
#define HAVE_PKG_CONFIG 1
#define HAVE_M4 1
#define M4_OPTIONS "-P"
#define HAVE_NETCDF_H 1
#define F77_FUNC(name,NAME) name ## _
#define F77_FUNC_(name,NAME) name ## _
#define HAVE_FENV_H 1
#define HAVE_FENV_H 1
#define HAVE_UNISTD_H 1
#define HAVE_UNISTD_H 1
#define HAVE_GETOPT_H 1
#define HAVE_GETOPT_H 1
#define HAVE_GETOPT_LONG 1
#define HAVE_G_MKDTEMP 1
#define HAVE_OPEN_MEMSTREAM 1

configure: exit 0
